2016-10-07 09:28:52 Warning: Warning (512): SplFileInfo::openFile(/Library/WebServer/Documents/goolive/tmp/cache/persistent/myapp_cake_core_translations_debug_kit_en__u_s): failed to open stream: Permission denied in [/Library/WebServer/Documents/goolive/vendor/cakephp/cakephp/src/Cache/Engine/FileEngine.php, line 395]
Request URL: /goolive/
Trace:
Cake\Error\BaseErrorHandler::handleError() - CORE/src/Error/BaseErrorHandler.php, line 146
Cake\Cache\Engine\FileEngine::_setKey() - CORE/src/Cache/Engine/FileEngine.php, line 395
Cake\Cache\Engine\FileEngine::read() - CORE/src/Cache/Engine/FileEngine.php, line 184
DebugKit\Cache\Engine\DebugEngine::read() - ROOT/vendor/cakephp/debug_kit/src/Cache/Engine/DebugEngine.php, line 146
Cake\I18n\TranslatorRegistry::get() - CORE/src/I18n/TranslatorRegistry.php, line 102
Cake\I18n\I18n::translator() - CORE/src/I18n/I18n.php, line 144
__d - CORE/src/I18n/functions.php, line 81
DebugKit\Panel\TimerPanel::DebugKit\Panel\{closure}() - ROOT/vendor/cakephp/debug_kit/src/Panel/TimerPanel.php, line 54
Cake\Event\EventManager::_callListener() - CORE/src/Event/EventManager.php, line 386
Cake\Event\EventManager::dispatch() - CORE/src/Event/EventManager.php, line 356
Cake\Controller\Controller::dispatchEvent() - CORE/src/Event/EventDispatcherTrait.php, line 78
Cake\Controller\Controller::startupProcess() - CORE/src/Controller/Controller.php, line 491
Cake\Routing\Dispatcher::_invoke() - CORE/src/Routing/Dispatcher.php, line 109
Cake\Routing\Dispatcher::dispatch() - CORE/src/Routing/Dispatcher.php, line 87
[main] - ROOT/webroot/index.php, line 36



2016-10-07 09:28:52 Warning: Warning (512): SplFileInfo::openFile(/Library/WebServer/Documents/goolive/tmp/cache/persistent/myapp_cake_core_translations_default_en__u_s) [<a href='http://php.net/splfileinfo.openfile'>splfileinfo.openfile</a>]: failed to open stream: Permission denied in [/Library/WebServer/Documents/goolive/vendor/cakephp/cakephp/src/Cache/Engine/FileEngine.php, line 395]
Request URL: /goolive/
Trace:
Cake\Error\BaseErrorHandler::handleError() - CORE/src/Error/BaseErrorHandler.php, line 146
Cake\Cache\Engine\FileEngine::_setKey() - CORE/src/Cache/Engine/FileEngine.php, line 395
Cake\Cache\Engine\FileEngine::read() - CORE/src/Cache/Engine/FileEngine.php, line 184
DebugKit\Cache\Engine\DebugEngine::read() - ROOT/vendor/cakephp/debug_kit/src/Cache/Engine/DebugEngine.php, line 146
Cake\I18n\TranslatorRegistry::get() - CORE/src/I18n/TranslatorRegistry.php, line 102
Aura\Intl\TranslatorLocator::get() - ROOT/vendor/aura/intl/src/Aura/Intl/TranslatorLocator.php, line 188
Cake\I18n\TranslatorRegistry::_getFromLoader() - CORE/src/I18n/TranslatorRegistry.php, line 237
Cake\I18n\TranslatorRegistry::_getTranslator() - CORE/src/I18n/TranslatorRegistry.php, line 129
Cake\I18n\TranslatorRegistry::get() - CORE/src/I18n/TranslatorRegistry.php, line 104
Cake\I18n\I18n::translator() - CORE/src/I18n/I18n.php, line 144
__d - CORE/src/I18n/functions.php, line 81
DebugKit\Panel\TimerPanel::DebugKit\Panel\{closure}() - ROOT/vendor/cakephp/debug_kit/src/Panel/TimerPanel.php, line 54
Cake\Event\EventManager::_callListener() - CORE/src/Event/EventManager.php, line 386
Cake\Event\EventManager::dispatch() - CORE/src/Event/EventManager.php, line 356
Cake\Controller\Controller::dispatchEvent() - CORE/src/Event/EventDispatcherTrait.php, line 78
Cake\Controller\Controller::startupProcess() - CORE/src/Controller/Controller.php, line 491
Cake\Routing\Dispatcher::_invoke() - CORE/src/Routing/Dispatcher.php, line 109
Cake\Routing\Dispatcher::dispatch() - CORE/src/Routing/Dispatcher.php, line 87
[main] - ROOT/webroot/index.php, line 36



2016-10-07 09:28:52 Warning: Warning (512): SplFileInfo::openFile(/Library/WebServer/Documents/goolive/tmp/cache/persistent/myapp_cake_core_translations_default_en__u_s) [<a href='http://php.net/splfileinfo.openfile'>splfileinfo.openfile</a>]: failed to open stream: Permission denied in [/Library/WebServer/Documents/goolive/vendor/cakephp/cakephp/src/Cache/Engine/FileEngine.php, line 395]
Request URL: /goolive/
Trace:
Cake\Error\BaseErrorHandler::handleError() - CORE/src/Error/BaseErrorHandler.php, line 146
Cake\Cache\Engine\FileEngine::_setKey() - CORE/src/Cache/Engine/FileEngine.php, line 395
Cake\Cache\Engine\FileEngine::write() - CORE/src/Cache/Engine/FileEngine.php, line 134
DebugKit\Cache\Engine\DebugEngine::write() - ROOT/vendor/cakephp/debug_kit/src/Cache/Engine/DebugEngine.php, line 122
Cake\I18n\TranslatorRegistry::get() - CORE/src/I18n/TranslatorRegistry.php, line 105
Aura\Intl\TranslatorLocator::get() - ROOT/vendor/aura/intl/src/Aura/Intl/TranslatorLocator.php, line 188
Cake\I18n\TranslatorRegistry::_getFromLoader() - CORE/src/I18n/TranslatorRegistry.php, line 237
Cake\I18n\TranslatorRegistry::_getTranslator() - CORE/src/I18n/TranslatorRegistry.php, line 129
Cake\I18n\TranslatorRegistry::get() - CORE/src/I18n/TranslatorRegistry.php, line 104
Cake\I18n\I18n::translator() - CORE/src/I18n/I18n.php, line 144
__d - CORE/src/I18n/functions.php, line 81
DebugKit\Panel\TimerPanel::DebugKit\Panel\{closure}() - ROOT/vendor/cakephp/debug_kit/src/Panel/TimerPanel.php, line 54
Cake\Event\EventManager::_callListener() - CORE/src/Event/EventManager.php, line 386
Cake\Event\EventManager::dispatch() - CORE/src/Event/EventManager.php, line 356
Cake\Controller\Controller::dispatchEvent() - CORE/src/Event/EventDispatcherTrait.php, line 78
Cake\Controller\Controller::startupProcess() - CORE/src/Controller/Controller.php, line 491
Cake\Routing\Dispatcher::_invoke() - CORE/src/Routing/Dispatcher.php, line 109
Cake\Routing\Dispatcher::dispatch() - CORE/src/Routing/Dispatcher.php, line 87
[main] - ROOT/webroot/index.php, line 36



2016-10-07 09:28:52 Warning: Warning (512): SplFileInfo::openFile(/Library/WebServer/Documents/goolive/tmp/cache/persistent/myapp_cake_core_translations_debug_kit_en__u_s) [<a href='http://php.net/splfileinfo.openfile'>splfileinfo.openfile</a>]: failed to open stream: Permission denied in [/Library/WebServer/Documents/goolive/vendor/cakephp/cakephp/src/Cache/Engine/FileEngine.php, line 395]
Request URL: /goolive/
Trace:
Cake\Error\BaseErrorHandler::handleError() - CORE/src/Error/BaseErrorHandler.php, line 146
Cake\Cache\Engine\FileEngine::_setKey() - CORE/src/Cache/Engine/FileEngine.php, line 395
Cake\Cache\Engine\FileEngine::write() - CORE/src/Cache/Engine/FileEngine.php, line 134
DebugKit\Cache\Engine\DebugEngine::write() - ROOT/vendor/cakephp/debug_kit/src/Cache/Engine/DebugEngine.php, line 122
Cake\I18n\TranslatorRegistry::get() - CORE/src/I18n/TranslatorRegistry.php, line 105
Cake\I18n\I18n::translator() - CORE/src/I18n/I18n.php, line 144
__d - CORE/src/I18n/functions.php, line 81
DebugKit\Panel\TimerPanel::DebugKit\Panel\{closure}() - ROOT/vendor/cakephp/debug_kit/src/Panel/TimerPanel.php, line 54
Cake\Event\EventManager::_callListener() - CORE/src/Event/EventManager.php, line 386
Cake\Event\EventManager::dispatch() - CORE/src/Event/EventManager.php, line 356
Cake\Controller\Controller::dispatchEvent() - CORE/src/Event/EventDispatcherTrait.php, line 78
Cake\Controller\Controller::startupProcess() - CORE/src/Controller/Controller.php, line 491
Cake\Routing\Dispatcher::_invoke() - CORE/src/Routing/Dispatcher.php, line 109
Cake\Routing\Dispatcher::dispatch() - CORE/src/Routing/Dispatcher.php, line 87
[main] - ROOT/webroot/index.php, line 36



2016-10-07 09:28:52 Warning: Warning (512): SplFileInfo::openFile(/Library/WebServer/Documents/goolive/tmp/cache/models/myapp_cake_model_debug_kit_requests) [<a href='http://php.net/splfileinfo.openfile'>splfileinfo.openfile</a>]: failed to open stream: Permission denied in [/Library/WebServer/Documents/goolive/vendor/cakephp/cakephp/src/Cache/Engine/FileEngine.php, line 395]
Request URL: /goolive/
Trace:
Cake\Error\BaseErrorHandler::handleError() - CORE/src/Error/BaseErrorHandler.php, line 146
Cake\Cache\Engine\FileEngine::_setKey() - CORE/src/Cache/Engine/FileEngine.php, line 395
Cake\Cache\Engine\FileEngine::read() - CORE/src/Cache/Engine/FileEngine.php, line 184
DebugKit\Cache\Engine\DebugEngine::read() - ROOT/vendor/cakephp/debug_kit/src/Cache/Engine/DebugEngine.php, line 146
Cake\Cache\Cache::read() - CORE/src/Cache/Cache.php, line 312
Cake\Database\Schema\CachedCollection::describe() - CORE/src/Database/Schema/CachedCollection.php, line 58
Cake\ORM\Table::schema() - CORE/src/ORM/Table.php, line 430
Cake\ORM\Association::property() - CORE/src/ORM/Association.php, line 440
Cake\ORM\Marshaller::_buildPropertyMap() - CORE/src/ORM/Marshaller.php, line 79
Cake\ORM\Marshaller::one() - CORE/src/ORM/Marshaller.php, line 119
Cake\ORM\Table::newEntity() - CORE/src/ORM/Table.php, line 2022
DebugKit\Routing\Filter\DebugBarFilter::afterDispatch() - ROOT/vendor/cakephp/debug_kit/src/Routing/Filter/DebugBarFilter.php, line 189
Cake\Event\EventManager::_callListener() - CORE/src/Event/EventManager.php, line 390
Cake\Event\EventManager::dispatch() - CORE/src/Event/EventManager.php, line 356
Cake\Routing\Dispatcher::dispatchEvent() - CORE/src/Event/EventDispatcherTrait.php, line 78
Cake\Routing\Dispatcher::dispatch() - CORE/src/Routing/Dispatcher.php, line 92
[main] - ROOT/webroot/index.php, line 36



2016-10-07 09:28:52 Warning: Warning (512): SplFileInfo::openFile(/Library/WebServer/Documents/goolive/tmp/cache/models/myapp_cake_model_debug_kit_requests) [<a href='http://php.net/splfileinfo.openfile'>splfileinfo.openfile</a>]: failed to open stream: Permission denied in [/Library/WebServer/Documents/goolive/vendor/cakephp/cakephp/src/Cache/Engine/FileEngine.php, line 395]
Request URL: /goolive/
Trace:
Cake\Error\BaseErrorHandler::handleError() - CORE/src/Error/BaseErrorHandler.php, line 146
Cake\Cache\Engine\FileEngine::_setKey() - CORE/src/Cache/Engine/FileEngine.php, line 395
Cake\Cache\Engine\FileEngine::write() - CORE/src/Cache/Engine/FileEngine.php, line 134
DebugKit\Cache\Engine\DebugEngine::write() - ROOT/vendor/cakephp/debug_kit/src/Cache/Engine/DebugEngine.php, line 122
Cake\Cache\Cache::write() - CORE/src/Cache/Cache.php, line 234
Cake\Database\Schema\CachedCollection::describe() - CORE/src/Database/Schema/CachedCollection.php, line 67
Cake\ORM\Table::schema() - CORE/src/ORM/Table.php, line 430
Cake\ORM\Association::property() - CORE/src/ORM/Association.php, line 440
Cake\ORM\Marshaller::_buildPropertyMap() - CORE/src/ORM/Marshaller.php, line 79
Cake\ORM\Marshaller::one() - CORE/src/ORM/Marshaller.php, line 119
Cake\ORM\Table::newEntity() - CORE/src/ORM/Table.php, line 2022
DebugKit\Routing\Filter\DebugBarFilter::afterDispatch() - ROOT/vendor/cakephp/debug_kit/src/Routing/Filter/DebugBarFilter.php, line 189
Cake\Event\EventManager::_callListener() - CORE/src/Event/EventManager.php, line 390
Cake\Event\EventManager::dispatch() - CORE/src/Event/EventManager.php, line 356
Cake\Routing\Dispatcher::dispatchEvent() - CORE/src/Event/EventDispatcherTrait.php, line 78
Cake\Routing\Dispatcher::dispatch() - CORE/src/Routing/Dispatcher.php, line 92
[main] - ROOT/webroot/index.php, line 36



2016-10-07 09:28:52 Warning: Warning (512): _cake_model_ cache was unable to write 'debug_kit_requests' to DebugKit\Cache\Engine\DebugEngine cache in [/Library/WebServer/Documents/goolive/vendor/cakephp/cakephp/src/Cache/Cache.php, line 243]
Request URL: /goolive/
Trace:
Cake\Error\BaseErrorHandler::handleError() - CORE/src/Error/BaseErrorHandler.php, line 146
Cake\Cache\Cache::write() - CORE/src/Cache/Cache.php, line 243
Cake\Database\Schema\CachedCollection::describe() - CORE/src/Database/Schema/CachedCollection.php, line 67
Cake\ORM\Table::schema() - CORE/src/ORM/Table.php, line 430
Cake\ORM\Association::property() - CORE/src/ORM/Association.php, line 440
Cake\ORM\Marshaller::_buildPropertyMap() - CORE/src/ORM/Marshaller.php, line 79
Cake\ORM\Marshaller::one() - CORE/src/ORM/Marshaller.php, line 119
Cake\ORM\Table::newEntity() - CORE/src/ORM/Table.php, line 2022
DebugKit\Routing\Filter\DebugBarFilter::afterDispatch() - ROOT/vendor/cakephp/debug_kit/src/Routing/Filter/DebugBarFilter.php, line 189
Cake\Event\EventManager::_callListener() - CORE/src/Event/EventManager.php, line 390
Cake\Event\EventManager::dispatch() - CORE/src/Event/EventManager.php, line 356
Cake\Routing\Dispatcher::dispatchEvent() - CORE/src/Event/EventDispatcherTrait.php, line 78
Cake\Routing\Dispatcher::dispatch() - CORE/src/Routing/Dispatcher.php, line 92
[main] - ROOT/webroot/index.php, line 36



2016-10-07 09:28:52 Warning: Warning (512): SplFileInfo::openFile(/Library/WebServer/Documents/goolive/tmp/cache/persistent/myapp_cake_core_translations_cake_en__u_s) [<a href='http://php.net/splfileinfo.openfile'>splfileinfo.openfile</a>]: failed to open stream: Permission denied in [/Library/WebServer/Documents/goolive/vendor/cakephp/cakephp/src/Cache/Engine/FileEngine.php, line 395]
Request URL: /goolive/
Trace:
Cake\Error\BaseErrorHandler::handleError() - CORE/src/Error/BaseErrorHandler.php, line 146
Cake\Cache\Engine\FileEngine::_setKey() - CORE/src/Cache/Engine/FileEngine.php, line 395
Cake\Cache\Engine\FileEngine::read() - CORE/src/Cache/Engine/FileEngine.php, line 184
DebugKit\Cache\Engine\DebugEngine::read() - ROOT/vendor/cakephp/debug_kit/src/Cache/Engine/DebugEngine.php, line 146
Cake\I18n\TranslatorRegistry::get() - CORE/src/I18n/TranslatorRegistry.php, line 102
Cake\I18n\I18n::translator() - CORE/src/I18n/I18n.php, line 144
__d - CORE/src/I18n/functions.php, line 81
Cake\Validation\Validator::errors() - CORE/src/Validation/Validator.php, line 103
Cake\ORM\Marshaller::_validate() - CORE/src/ORM/Marshaller.php, line 203
Cake\ORM\Marshaller::one() - CORE/src/ORM/Marshaller.php, line 138
Cake\ORM\Table::newEntity() - CORE/src/ORM/Table.php, line 2022
DebugKit\Routing\Filter\DebugBarFilter::afterDispatch() - ROOT/vendor/cakephp/debug_kit/src/Routing/Filter/DebugBarFilter.php, line 189
Cake\Event\EventManager::_callListener() - CORE/src/Event/EventManager.php, line 390
Cake\Event\EventManager::dispatch() - CORE/src/Event/EventManager.php, line 356
Cake\Routing\Dispatcher::dispatchEvent() - CORE/src/Event/EventDispatcherTrait.php, line 78
Cake\Routing\Dispatcher::dispatch() - CORE/src/Routing/Dispatcher.php, line 92
[main] - ROOT/webroot/index.php, line 36



2016-10-07 09:28:52 Warning: Warning (512): SplFileInfo::openFile(/Library/WebServer/Documents/goolive/tmp/cache/persistent/myapp_cake_core_translations_cake_en__u_s) [<a href='http://php.net/splfileinfo.openfile'>splfileinfo.openfile</a>]: failed to open stream: Permission denied in [/Library/WebServer/Documents/goolive/vendor/cakephp/cakephp/src/Cache/Engine/FileEngine.php, line 395]
Request URL: /goolive/
Trace:
Cake\Error\BaseErrorHandler::handleError() - CORE/src/Error/BaseErrorHandler.php, line 146
Cake\Cache\Engine\FileEngine::_setKey() - CORE/src/Cache/Engine/FileEngine.php, line 395
Cake\Cache\Engine\FileEngine::write() - CORE/src/Cache/Engine/FileEngine.php, line 134
DebugKit\Cache\Engine\DebugEngine::write() - ROOT/vendor/cakephp/debug_kit/src/Cache/Engine/DebugEngine.php, line 122
Cake\I18n\TranslatorRegistry::get() - CORE/src/I18n/TranslatorRegistry.php, line 105
Cake\I18n\I18n::translator() - CORE/src/I18n/I18n.php, line 144
__d - CORE/src/I18n/functions.php, line 81
Cake\Validation\Validator::errors() - CORE/src/Validation/Validator.php, line 103
Cake\ORM\Marshaller::_validate() - CORE/src/ORM/Marshaller.php, line 203
Cake\ORM\Marshaller::one() - CORE/src/ORM/Marshaller.php, line 138
Cake\ORM\Table::newEntity() - CORE/src/ORM/Table.php, line 2022
DebugKit\Routing\Filter\DebugBarFilter::afterDispatch() - ROOT/vendor/cakephp/debug_kit/src/Routing/Filter/DebugBarFilter.php, line 189
Cake\Event\EventManager::_callListener() - CORE/src/Event/EventManager.php, line 390
Cake\Event\EventManager::dispatch() - CORE/src/Event/EventManager.php, line 356
Cake\Routing\Dispatcher::dispatchEvent() - CORE/src/Event/EventDispatcherTrait.php, line 78
Cake\Routing\Dispatcher::dispatch() - CORE/src/Routing/Dispatcher.php, line 92
[main] - ROOT/webroot/index.php, line 36



2016-10-07 09:28:52 Warning: Warning (512): SplFileInfo::openFile(/Library/WebServer/Documents/goolive/tmp/cache/models/myapp_cake_model_debug_kit_panels) [<a href='http://php.net/splfileinfo.openfile'>splfileinfo.openfile</a>]: failed to open stream: Permission denied in [/Library/WebServer/Documents/goolive/vendor/cakephp/cakephp/src/Cache/Engine/FileEngine.php, line 395]
Request URL: /goolive/
Trace:
Cake\Error\BaseErrorHandler::handleError() - CORE/src/Error/BaseErrorHandler.php, line 146
Cake\Cache\Engine\FileEngine::_setKey() - CORE/src/Cache/Engine/FileEngine.php, line 395
Cake\Cache\Engine\FileEngine::read() - CORE/src/Cache/Engine/FileEngine.php, line 184
DebugKit\Cache\Engine\DebugEngine::read() - ROOT/vendor/cakephp/debug_kit/src/Cache/Engine/DebugEngine.php, line 146
Cake\Cache\Cache::read() - CORE/src/Cache/Cache.php, line 312
Cake\Database\Schema\CachedCollection::describe() - CORE/src/Database/Schema/CachedCollection.php, line 58
Cake\ORM\Table::schema() - CORE/src/ORM/Table.php, line 430
Cake\ORM\Association::property() - CORE/src/ORM/Association.php, line 440
Cake\ORM\Marshaller::_buildPropertyMap() - CORE/src/ORM/Marshaller.php, line 79
Cake\ORM\Marshaller::one() - CORE/src/ORM/Marshaller.php, line 119
Cake\ORM\Table::newEntity() - CORE/src/ORM/Table.php, line 2022
Cake\ORM\Association::__call() - CORE/src/ORM/Association.php, line 924
DebugKit\Routing\Filter\DebugBarFilter::afterDispatch() - ROOT/vendor/cakephp/debug_kit/src/Routing/Filter/DebugBarFilter.php, line 206
Cake\Event\EventManager::_callListener() - CORE/src/Event/EventManager.php, line 390
Cake\Event\EventManager::dispatch() - CORE/src/Event/EventManager.php, line 356
Cake\Routing\Dispatcher::dispatchEvent() - CORE/src/Event/EventDispatcherTrait.php, line 78
Cake\Routing\Dispatcher::dispatch() - CORE/src/Routing/Dispatcher.php, line 92
[main] - ROOT/webroot/index.php, line 36



2016-10-07 09:28:52 Warning: Warning (512): SplFileInfo::openFile(/Library/WebServer/Documents/goolive/tmp/cache/models/myapp_cake_model_debug_kit_panels) [<a href='http://php.net/splfileinfo.openfile'>splfileinfo.openfile</a>]: failed to open stream: Permission denied in [/Library/WebServer/Documents/goolive/vendor/cakephp/cakephp/src/Cache/Engine/FileEngine.php, line 395]
Request URL: /goolive/
Trace:
Cake\Error\BaseErrorHandler::handleError() - CORE/src/Error/BaseErrorHandler.php, line 146
Cake\Cache\Engine\FileEngine::_setKey() - CORE/src/Cache/Engine/FileEngine.php, line 395
Cake\Cache\Engine\FileEngine::write() - CORE/src/Cache/Engine/FileEngine.php, line 134
DebugKit\Cache\Engine\DebugEngine::write() - ROOT/vendor/cakephp/debug_kit/src/Cache/Engine/DebugEngine.php, line 122
Cake\Cache\Cache::write() - CORE/src/Cache/Cache.php, line 234
Cake\Database\Schema\CachedCollection::describe() - CORE/src/Database/Schema/CachedCollection.php, line 67
Cake\ORM\Table::schema() - CORE/src/ORM/Table.php, line 430
Cake\ORM\Association::property() - CORE/src/ORM/Association.php, line 440
Cake\ORM\Marshaller::_buildPropertyMap() - CORE/src/ORM/Marshaller.php, line 79
Cake\ORM\Marshaller::one() - CORE/src/ORM/Marshaller.php, line 119
Cake\ORM\Table::newEntity() - CORE/src/ORM/Table.php, line 2022
Cake\ORM\Association::__call() - CORE/src/ORM/Association.php, line 924
DebugKit\Routing\Filter\DebugBarFilter::afterDispatch() - ROOT/vendor/cakephp/debug_kit/src/Routing/Filter/DebugBarFilter.php, line 206
Cake\Event\EventManager::_callListener() - CORE/src/Event/EventManager.php, line 390
Cake\Event\EventManager::dispatch() - CORE/src/Event/EventManager.php, line 356
Cake\Routing\Dispatcher::dispatchEvent() - CORE/src/Event/EventDispatcherTrait.php, line 78
Cake\Routing\Dispatcher::dispatch() - CORE/src/Routing/Dispatcher.php, line 92
[main] - ROOT/webroot/index.php, line 36



2016-10-07 09:28:52 Warning: Warning (512): _cake_model_ cache was unable to write 'debug_kit_panels' to DebugKit\Cache\Engine\DebugEngine cache in [/Library/WebServer/Documents/goolive/vendor/cakephp/cakephp/src/Cache/Cache.php, line 243]
Request URL: /goolive/
Trace:
Cake\Error\BaseErrorHandler::handleError() - CORE/src/Error/BaseErrorHandler.php, line 146
Cake\Cache\Cache::write() - CORE/src/Cache/Cache.php, line 243
Cake\Database\Schema\CachedCollection::describe() - CORE/src/Database/Schema/CachedCollection.php, line 67
Cake\ORM\Table::schema() - CORE/src/ORM/Table.php, line 430
Cake\ORM\Association::property() - CORE/src/ORM/Association.php, line 440
Cake\ORM\Marshaller::_buildPropertyMap() - CORE/src/ORM/Marshaller.php, line 79
Cake\ORM\Marshaller::one() - CORE/src/ORM/Marshaller.php, line 119
Cake\ORM\Table::newEntity() - CORE/src/ORM/Table.php, line 2022
Cake\ORM\Association::__call() - CORE/src/ORM/Association.php, line 924
DebugKit\Routing\Filter\DebugBarFilter::afterDispatch() - ROOT/vendor/cakephp/debug_kit/src/Routing/Filter/DebugBarFilter.php, line 206
Cake\Event\EventManager::_callListener() - CORE/src/Event/EventManager.php, line 390
Cake\Event\EventManager::dispatch() - CORE/src/Event/EventManager.php, line 356
Cake\Routing\Dispatcher::dispatchEvent() - CORE/src/Event/EventDispatcherTrait.php, line 78
Cake\Routing\Dispatcher::dispatch() - CORE/src/Routing/Dispatcher.php, line 92
[main] - ROOT/webroot/index.php, line 36



2016-10-07 09:28:52 Error: [PDOException] SQLSTATE[HY000]: General error: 8 attempt to write a readonly database
Request URL: /goolive/
Stack Trace:
#0 /Library/WebServer/Documents/goolive/vendor/cakephp/cakephp/src/Database/Statement/StatementDecorator.php(171): PDOStatement->execute(NULL)
#1 /Library/WebServer/Documents/goolive/vendor/cakephp/cakephp/src/Database/Statement/StatementDecorator.php(171): Cake\Database\Statement\StatementDecorator->execute(NULL)
#2 /Library/WebServer/Documents/goolive/vendor/cakephp/cakephp/src/Database/Statement/BufferedStatement.php(74): Cake\Database\Statement\StatementDecorator->execute(NULL)
#3 /Library/WebServer/Documents/goolive/vendor/cakephp/cakephp/src/Database/Statement/SqliteStatement.php(41): Cake\Database\Statement\BufferedStatement->execute(NULL)
#4 /Library/WebServer/Documents/goolive/vendor/cakephp/cakephp/src/Database/Connection.php(272): Cake\Database\Statement\SqliteStatement->execute()
#5 /Library/WebServer/Documents/goolive/vendor/cakephp/cakephp/src/Database/Query.php(188): Cake\Database\Connection->run(Object(Cake\ORM\Query))
#6 /Library/WebServer/Documents/goolive/vendor/cakephp/cakephp/src/ORM/Table.php(1545): Cake\Database\Query->execute()
#7 /Library/WebServer/Documents/goolive/vendor/cakephp/cakephp/src/ORM/Table.php(1461): Cake\ORM\Table->_insert(Object(Cake\ORM\Entity), Array)
#8 /Library/WebServer/Documents/goolive/vendor/cakephp/cakephp/src/ORM/Table.php(1392): Cake\ORM\Table->_processSave(Object(Cake\ORM\Entity), Object(ArrayObject))
#9 /Library/WebServer/Documents/goolive/vendor/cakephp/cakephp/src/Database/Connection.php(559): Cake\ORM\Table->Cake\ORM\{closure}(Object(Cake\Database\Connection))
#10 /Library/WebServer/Documents/goolive/vendor/cakephp/cakephp/src/ORM/Table.php(1393): Cake\Database\Connection->transactional(Object(Closure))
#11 /Library/WebServer/Documents/goolive/vendor/cakephp/debug_kit/src/Routing/Filter/DebugBarFilter.php(209): Cake\ORM\Table->save(Object(Cake\ORM\Entity))
#12 /Library/WebServer/Documents/goolive/vendor/cakephp/cakephp/src/Event/EventManager.php(390): DebugKit\Routing\Filter\DebugBarFilter->afterDispatch(Object(Cake\Event\Event), Object(Cake\Network\Request), Object(Cake\Network\Response))
#13 /Library/WebServer/Documents/goolive/vendor/cakephp/cakephp/src/Event/EventManager.php(356): Cake\Event\EventManager->_callListener(Array, Object(Cake\Event\Event))
#14 /Library/WebServer/Documents/goolive/vendor/cakephp/cakephp/src/Event/EventDispatcherTrait.php(78): Cake\Event\EventManager->dispatch(Object(Cake\Event\Event))
#15 /Library/WebServer/Documents/goolive/vendor/cakephp/cakephp/src/Routing/Dispatcher.php(92): Cake\Routing\Dispatcher->dispatchEvent('Dispatcher.afte...', Array)
#16 /Library/WebServer/Documents/goolive/webroot/index.php(36): Cake\Routing\Dispatcher->dispatch(Object(Cake\Network\Request), Object(Cake\Network\Response))
#17 {main}


2016-10-07 09:40:08 Error: [Cake\Controller\Exception\MissingActionException] Action PagesController::display() could not be found, or is not accessible.
Exception Attributes: array (
  'controller' => 'PagesController',
  'action' => 'display',
  'prefix' => '',
  'plugin' => NULL,
)
Request URL: /goolive/pages/home
Stack Trace:
#0 /Library/WebServer/Documents/goolive/vendor/cakephp/cakephp/src/Routing/Dispatcher.php(114): Cake\Controller\Controller->invokeAction()
#1 /Library/WebServer/Documents/goolive/vendor/cakephp/cakephp/src/Routing/Dispatcher.php(87): Cake\Routing\Dispatcher->_invoke(Object(App\Controller\PagesController))
#2 /Library/WebServer/Documents/goolive/webroot/index.php(36): Cake\Routing\Dispatcher->dispatch(Object(Cake\Network\Request), Object(Cake\Network\Response))
#3 {main}


2016-10-07 09:40:24 Error: [Cake\Controller\Exception\MissingActionException] Action PagesController::display() could not be found, or is not accessible.
Exception Attributes: array (
  'controller' => 'PagesController',
  'action' => 'display',
  'prefix' => '',
  'plugin' => NULL,
)
Request URL: /goolive/pages/home
Stack Trace:
#0 /Library/WebServer/Documents/goolive/vendor/cakephp/cakephp/src/Routing/Dispatcher.php(114): Cake\Controller\Controller->invokeAction()
#1 /Library/WebServer/Documents/goolive/vendor/cakephp/cakephp/src/Routing/Dispatcher.php(87): Cake\Routing\Dispatcher->_invoke(Object(App\Controller\PagesController))
#2 /Library/WebServer/Documents/goolive/webroot/index.php(36): Cake\Routing\Dispatcher->dispatch(Object(Cake\Network\Request), Object(Cake\Network\Response))
#3 {main}


2016-10-07 09:45:16 Error: [Cake\Routing\Exception\MissingControllerException] Controller class Less could not be found.
Exception Attributes: array (
  'class' => 'Less',
  'plugin' => NULL,
  'prefix' => NULL,
  '_ext' => NULL,
)
Request URL: /goolive/less/uikit/fonts/luna.woff
Referer URL: http://localhost/goolive/css/theme.css
Stack Trace:
#0 /Library/WebServer/Documents/goolive/webroot/index.php(36): Cake\Routing\Dispatcher->dispatch(Object(Cake\Network\Request), Object(Cake\Network\Response))
#1 {main}


2016-10-07 09:45:17 Error: [Cake\Routing\Exception\MissingControllerException] Controller class Less could not be found.
Exception Attributes: array (
  'class' => 'Less',
  'plugin' => NULL,
  'prefix' => NULL,
  '_ext' => NULL,
)
Request URL: /goolive/less/uikit/fonts/luna.ttf
Referer URL: http://localhost/goolive/css/theme.css
Stack Trace:
#0 /Library/WebServer/Documents/goolive/webroot/index.php(36): Cake\Routing\Dispatcher->dispatch(Object(Cake\Network\Request), Object(Cake\Network\Response))
#1 {main}


2016-10-07 09:45:17 Error: [Cake\Routing\Exception\MissingControllerException] Controller class Js could not be found.
Exception Attributes: array (
  'class' => 'Js',
  'plugin' => NULL,
  'prefix' => NULL,
  '_ext' => NULL,
)
Request URL: /goolive/js/lib/jquery.parallaxify.js?_=1475833516596
Referer URL: http://localhost/goolive/
Stack Trace:
#0 /Library/WebServer/Documents/goolive/webroot/index.php(36): Cake\Routing\Dispatcher->dispatch(Object(Cake\Network\Request), Object(Cake\Network\Response))
#1 {main}


2016-10-07 09:47:14 Error: [Cake\Routing\Exception\MissingControllerException] Controller class Less could not be found.
Exception Attributes: array (
  'class' => 'Less',
  'plugin' => NULL,
  'prefix' => NULL,
  '_ext' => NULL,
)
Request URL: /goolive/less/uikit/fonts/luna.woff
Referer URL: http://localhost/goolive/css/theme.css
Stack Trace:
#0 /Library/WebServer/Documents/goolive/webroot/index.php(36): Cake\Routing\Dispatcher->dispatch(Object(Cake\Network\Request), Object(Cake\Network\Response))
#1 {main}


2016-10-07 09:47:14 Error: [Cake\Routing\Exception\MissingControllerException] Controller class Less could not be found.
Exception Attributes: array (
  'class' => 'Less',
  'plugin' => NULL,
  'prefix' => NULL,
  '_ext' => NULL,
)
Request URL: /goolive/less/uikit/fonts/luna.ttf
Referer URL: http://localhost/goolive/css/theme.css
Stack Trace:
#0 /Library/WebServer/Documents/goolive/webroot/index.php(36): Cake\Routing\Dispatcher->dispatch(Object(Cake\Network\Request), Object(Cake\Network\Response))
#1 {main}


2016-10-07 09:47:14 Error: [Cake\Routing\Exception\MissingControllerException] Controller class Js could not be found.
Exception Attributes: array (
  'class' => 'Js',
  'plugin' => NULL,
  'prefix' => NULL,
  '_ext' => NULL,
)
Request URL: /goolive/js/lib/jquery.parallaxify.js?_=1475833634011
Referer URL: http://localhost/goolive/
Stack Trace:
#0 /Library/WebServer/Documents/goolive/webroot/index.php(36): Cake\Routing\Dispatcher->dispatch(Object(Cake\Network\Request), Object(Cake\Network\Response))
#1 {main}


2016-10-07 09:47:42 Error: [Cake\Routing\Exception\MissingControllerException] Controller class Less could not be found.
Exception Attributes: array (
  'class' => 'Less',
  'plugin' => NULL,
  'prefix' => NULL,
  '_ext' => NULL,
)
Request URL: /goolive/less/uikit/fonts/luna.woff
Referer URL: http://localhost/goolive/css/theme.css
Stack Trace:
#0 /Library/WebServer/Documents/goolive/webroot/index.php(36): Cake\Routing\Dispatcher->dispatch(Object(Cake\Network\Request), Object(Cake\Network\Response))
#1 {main}


2016-10-07 09:47:42 Error: [Cake\Routing\Exception\MissingControllerException] Controller class Less could not be found.
Exception Attributes: array (
  'class' => 'Less',
  'plugin' => NULL,
  'prefix' => NULL,
  '_ext' => NULL,
)
Request URL: /goolive/less/uikit/fonts/luna.ttf
Referer URL: http://localhost/goolive/css/theme.css
Stack Trace:
#0 /Library/WebServer/Documents/goolive/webroot/index.php(36): Cake\Routing\Dispatcher->dispatch(Object(Cake\Network\Request), Object(Cake\Network\Response))
#1 {main}


2016-10-07 09:47:42 Error: [Cake\Routing\Exception\MissingControllerException] Controller class Js could not be found.
Exception Attributes: array (
  'class' => 'Js',
  'plugin' => NULL,
  'prefix' => NULL,
  '_ext' => NULL,
)
Request URL: /goolive/js/lib/jquery.parallaxify.js?_=1475833662038
Referer URL: http://localhost/goolive/
Stack Trace:
#0 /Library/WebServer/Documents/goolive/webroot/index.php(36): Cake\Routing\Dispatcher->dispatch(Object(Cake\Network\Request), Object(Cake\Network\Response))
#1 {main}


2016-10-07 09:48:06 Error: [Cake\Routing\Exception\MissingControllerException] Controller class Less could not be found.
Exception Attributes: array (
  'class' => 'Less',
  'plugin' => NULL,
  'prefix' => NULL,
  '_ext' => NULL,
)
Request URL: /goolive/less/uikit/fonts/luna.woff
Referer URL: http://localhost/goolive/css/theme.css
Stack Trace:
#0 /Library/WebServer/Documents/goolive/webroot/index.php(36): Cake\Routing\Dispatcher->dispatch(Object(Cake\Network\Request), Object(Cake\Network\Response))
#1 {main}


2016-10-07 09:48:06 Error: [Cake\Routing\Exception\MissingControllerException] Controller class Less could not be found.
Exception Attributes: array (
  'class' => 'Less',
  'plugin' => NULL,
  'prefix' => NULL,
  '_ext' => NULL,
)
Request URL: /goolive/less/uikit/fonts/luna.ttf
Referer URL: http://localhost/goolive/css/theme.css
Stack Trace:
#0 /Library/WebServer/Documents/goolive/webroot/index.php(36): Cake\Routing\Dispatcher->dispatch(Object(Cake\Network\Request), Object(Cake\Network\Response))
#1 {main}


2016-10-07 09:48:06 Error: [Cake\Routing\Exception\MissingControllerException] Controller class Js could not be found.
Exception Attributes: array (
  'class' => 'Js',
  'plugin' => NULL,
  'prefix' => NULL,
  '_ext' => NULL,
)
Request URL: /goolive/js/lib/jquery.parallaxify.js?_=1475833686100
Referer URL: http://localhost/goolive/
Stack Trace:
#0 /Library/WebServer/Documents/goolive/webroot/index.php(36): Cake\Routing\Dispatcher->dispatch(Object(Cake\Network\Request), Object(Cake\Network\Response))
#1 {main}


2016-10-07 09:55:09 Error: [Cake\Routing\Exception\MissingControllerException] Controller class Less could not be found.
Exception Attributes: array (
  'class' => 'Less',
  'plugin' => NULL,
  'prefix' => NULL,
  '_ext' => NULL,
)
Request URL: /goolive/less/uikit/fonts/luna.woff
Referer URL: http://localhost/goolive/css/theme.css
Stack Trace:
#0 /Library/WebServer/Documents/goolive/webroot/index.php(36): Cake\Routing\Dispatcher->dispatch(Object(Cake\Network\Request), Object(Cake\Network\Response))
#1 {main}


2016-10-07 09:55:09 Error: [Cake\Routing\Exception\MissingControllerException] Controller class Less could not be found.
Exception Attributes: array (
  'class' => 'Less',
  'plugin' => NULL,
  'prefix' => NULL,
  '_ext' => NULL,
)
Request URL: /goolive/less/uikit/fonts/luna.ttf
Referer URL: http://localhost/goolive/css/theme.css
Stack Trace:
#0 /Library/WebServer/Documents/goolive/webroot/index.php(36): Cake\Routing\Dispatcher->dispatch(Object(Cake\Network\Request), Object(Cake\Network\Response))
#1 {main}


2016-10-07 10:00:02 Error: [Cake\Routing\Exception\MissingControllerException] Controller class Less could not be found.
Exception Attributes: array (
  'class' => 'Less',
  'plugin' => NULL,
  'prefix' => NULL,
  '_ext' => NULL,
)
Request URL: /goolive/less/uikit/fonts/luna.woff
Referer URL: http://localhost/goolive/css/theme.css
Stack Trace:
#0 /Library/WebServer/Documents/goolive/webroot/index.php(36): Cake\Routing\Dispatcher->dispatch(Object(Cake\Network\Request), Object(Cake\Network\Response))
#1 {main}


2016-10-07 10:00:02 Error: [Cake\Routing\Exception\MissingControllerException] Controller class Less could not be found.
Exception Attributes: array (
  'class' => 'Less',
  'plugin' => NULL,
  'prefix' => NULL,
  '_ext' => NULL,
)
Request URL: /goolive/less/uikit/fonts/luna.ttf
Referer URL: http://localhost/goolive/css/theme.css
Stack Trace:
#0 /Library/WebServer/Documents/goolive/webroot/index.php(36): Cake\Routing\Dispatcher->dispatch(Object(Cake\Network\Request), Object(Cake\Network\Response))
#1 {main}


2016-10-07 10:00:04 Error: [Cake\Routing\Exception\MissingControllerException] Controller class Less could not be found.
Exception Attributes: array (
  'class' => 'Less',
  'plugin' => NULL,
  'prefix' => NULL,
  '_ext' => NULL,
)
Request URL: /goolive/less/uikit/fonts/luna.woff
Referer URL: http://localhost/goolive/css/theme.css
Stack Trace:
#0 /Library/WebServer/Documents/goolive/webroot/index.php(36): Cake\Routing\Dispatcher->dispatch(Object(Cake\Network\Request), Object(Cake\Network\Response))
#1 {main}


2016-10-07 10:00:04 Error: [Cake\Routing\Exception\MissingControllerException] Controller class Less could not be found.
Exception Attributes: array (
  'class' => 'Less',
  'plugin' => NULL,
  'prefix' => NULL,
  '_ext' => NULL,
)
Request URL: /goolive/less/uikit/fonts/luna.ttf
Referer URL: http://localhost/goolive/css/theme.css
Stack Trace:
#0 /Library/WebServer/Documents/goolive/webroot/index.php(36): Cake\Routing\Dispatcher->dispatch(Object(Cake\Network\Request), Object(Cake\Network\Response))
#1 {main}


2016-10-07 10:01:07 Error: [Cake\Routing\Exception\MissingControllerException] Controller class Less could not be found.
Exception Attributes: array (
  'class' => 'Less',
  'plugin' => NULL,
  'prefix' => NULL,
  '_ext' => NULL,
)
Request URL: /goolive/less/uikit/fonts/luna.woff
Referer URL: http://localhost/goolive/css/theme.css
Stack Trace:
#0 /Library/WebServer/Documents/goolive/webroot/index.php(36): Cake\Routing\Dispatcher->dispatch(Object(Cake\Network\Request), Object(Cake\Network\Response))
#1 {main}


2016-10-07 10:01:07 Error: [Cake\Routing\Exception\MissingControllerException] Controller class Less could not be found.
Exception Attributes: array (
  'class' => 'Less',
  'plugin' => NULL,
  'prefix' => NULL,
  '_ext' => NULL,
)
Request URL: /goolive/less/uikit/fonts/luna.ttf
Referer URL: http://localhost/goolive/css/theme.css
Stack Trace:
#0 /Library/WebServer/Documents/goolive/webroot/index.php(36): Cake\Routing\Dispatcher->dispatch(Object(Cake\Network\Request), Object(Cake\Network\Response))
#1 {main}


2016-10-07 10:01:27 Error: [Cake\Routing\Exception\MissingControllerException] Controller class Warp could not be found.
Exception Attributes: array (
  'class' => 'Warp',
  'plugin' => NULL,
  'prefix' => NULL,
  '_ext' => NULL,
)
Request URL: /goolive/warp/vendor/uikit/fonts/fontawesome-webfont.woff2
Referer URL: http://localhost/goolive/css/theme.css
Stack Trace:
#0 /Library/WebServer/Documents/goolive/webroot/index.php(36): Cake\Routing\Dispatcher->dispatch(Object(Cake\Network\Request), Object(Cake\Network\Response))
#1 {main}


2016-10-07 10:01:27 Error: [Cake\Routing\Exception\MissingControllerException] Controller class Warp could not be found.
Exception Attributes: array (
  'class' => 'Warp',
  'plugin' => NULL,
  'prefix' => NULL,
  '_ext' => NULL,
)
Request URL: /goolive/warp/vendor/uikit/fonts/fontawesome-webfont.woff
Referer URL: http://localhost/goolive/css/theme.css
Stack Trace:
#0 /Library/WebServer/Documents/goolive/webroot/index.php(36): Cake\Routing\Dispatcher->dispatch(Object(Cake\Network\Request), Object(Cake\Network\Response))
#1 {main}


2016-10-07 10:01:27 Error: [Cake\Routing\Exception\MissingControllerException] Controller class Warp could not be found.
Exception Attributes: array (
  'class' => 'Warp',
  'plugin' => NULL,
  'prefix' => NULL,
  '_ext' => NULL,
)
Request URL: /goolive/warp/vendor/uikit/fonts/fontawesome-webfont.ttf
Referer URL: http://localhost/goolive/css/theme.css
Stack Trace:
#0 /Library/WebServer/Documents/goolive/webroot/index.php(36): Cake\Routing\Dispatcher->dispatch(Object(Cake\Network\Request), Object(Cake\Network\Response))
#1 {main}


2016-10-07 10:05:19 Error: [Cake\Routing\Exception\MissingControllerException] Controller class Less could not be found.
Exception Attributes: array (
  'class' => 'Less',
  'plugin' => NULL,
  'prefix' => NULL,
  '_ext' => NULL,
)
Request URL: /goolive/less/uikit/fonts/luna.woff
Referer URL: http://localhost/goolive/css/theme.css
Stack Trace:
#0 /Library/WebServer/Documents/goolive/webroot/index.php(36): Cake\Routing\Dispatcher->dispatch(Object(Cake\Network\Request), Object(Cake\Network\Response))
#1 {main}


2016-10-07 10:05:19 Error: [Cake\Routing\Exception\MissingControllerException] Controller class Less could not be found.
Exception Attributes: array (
  'class' => 'Less',
  'plugin' => NULL,
  'prefix' => NULL,
  '_ext' => NULL,
)
Request URL: /goolive/less/uikit/fonts/luna.ttf
Referer URL: http://localhost/goolive/css/theme.css
Stack Trace:
#0 /Library/WebServer/Documents/goolive/webroot/index.php(36): Cake\Routing\Dispatcher->dispatch(Object(Cake\Network\Request), Object(Cake\Network\Response))
#1 {main}


2016-10-07 10:08:45 Error: [Cake\Routing\Exception\MissingControllerException] Controller class Less could not be found.
Exception Attributes: array (
  'class' => 'Less',
  'plugin' => NULL,
  'prefix' => NULL,
  '_ext' => NULL,
)
Request URL: /goolive/less/uikit/fonts/luna.woff
Referer URL: http://localhost/goolive/css/theme.css
Stack Trace:
#0 /Library/WebServer/Documents/goolive/webroot/index.php(36): Cake\Routing\Dispatcher->dispatch(Object(Cake\Network\Request), Object(Cake\Network\Response))
#1 {main}


2016-10-07 10:08:46 Error: [Cake\Routing\Exception\MissingControllerException] Controller class Less could not be found.
Exception Attributes: array (
  'class' => 'Less',
  'plugin' => NULL,
  'prefix' => NULL,
  '_ext' => NULL,
)
Request URL: /goolive/less/uikit/fonts/luna.ttf
Referer URL: http://localhost/goolive/css/theme.css
Stack Trace:
#0 /Library/WebServer/Documents/goolive/webroot/index.php(36): Cake\Routing\Dispatcher->dispatch(Object(Cake\Network\Request), Object(Cake\Network\Response))
#1 {main}


2016-10-07 10:10:31 Error: [Cake\Routing\Exception\MissingControllerException] Controller class Less could not be found.
Exception Attributes: array (
  'class' => 'Less',
  'plugin' => NULL,
  'prefix' => NULL,
  '_ext' => NULL,
)
Request URL: /goolive/less/uikit/fonts/luna.woff
Referer URL: http://localhost/goolive/css/theme.css
Stack Trace:
#0 /Library/WebServer/Documents/goolive/webroot/index.php(36): Cake\Routing\Dispatcher->dispatch(Object(Cake\Network\Request), Object(Cake\Network\Response))
#1 {main}


2016-10-07 10:10:31 Error: [Cake\Routing\Exception\MissingControllerException] Controller class Less could not be found.
Exception Attributes: array (
  'class' => 'Less',
  'plugin' => NULL,
  'prefix' => NULL,
  '_ext' => NULL,
)
Request URL: /goolive/less/uikit/fonts/luna.ttf
Referer URL: http://localhost/goolive/css/theme.css
Stack Trace:
#0 /Library/WebServer/Documents/goolive/webroot/index.php(36): Cake\Routing\Dispatcher->dispatch(Object(Cake\Network\Request), Object(Cake\Network\Response))
#1 {main}


2016-10-07 10:10:38 Error: [Cake\Routing\Exception\MissingControllerException] Controller class Less could not be found.
Exception Attributes: array (
  'class' => 'Less',
  'plugin' => NULL,
  'prefix' => NULL,
  '_ext' => NULL,
)
Request URL: /goolive/less/uikit/fonts/luna.woff
Referer URL: http://localhost/goolive/css/theme.css
Stack Trace:
#0 /Library/WebServer/Documents/goolive/webroot/index.php(36): Cake\Routing\Dispatcher->dispatch(Object(Cake\Network\Request), Object(Cake\Network\Response))
#1 {main}


2016-10-07 10:10:39 Error: [Cake\Routing\Exception\MissingControllerException] Controller class Less could not be found.
Exception Attributes: array (
  'class' => 'Less',
  'plugin' => NULL,
  'prefix' => NULL,
  '_ext' => NULL,
)
Request URL: /goolive/less/uikit/fonts/luna.ttf
Referer URL: http://localhost/goolive/css/theme.css
Stack Trace:
#0 /Library/WebServer/Documents/goolive/webroot/index.php(36): Cake\Routing\Dispatcher->dispatch(Object(Cake\Network\Request), Object(Cake\Network\Response))
#1 {main}


2016-10-07 10:10:57 Error: [Cake\Routing\Exception\MissingControllerException] Controller class Less could not be found.
Exception Attributes: array (
  'class' => 'Less',
  'plugin' => NULL,
  'prefix' => NULL,
  '_ext' => NULL,
)
Request URL: /goolive/less/uikit/fonts/luna.woff
Referer URL: http://localhost/goolive/css/theme.css
Stack Trace:
#0 /Library/WebServer/Documents/goolive/webroot/index.php(36): Cake\Routing\Dispatcher->dispatch(Object(Cake\Network\Request), Object(Cake\Network\Response))
#1 {main}


2016-10-07 10:10:57 Error: [Cake\Routing\Exception\MissingControllerException] Controller class Less could not be found.
Exception Attributes: array (
  'class' => 'Less',
  'plugin' => NULL,
  'prefix' => NULL,
  '_ext' => NULL,
)
Request URL: /goolive/less/uikit/fonts/luna.ttf
Referer URL: http://localhost/goolive/css/theme.css
Stack Trace:
#0 /Library/WebServer/Documents/goolive/webroot/index.php(36): Cake\Routing\Dispatcher->dispatch(Object(Cake\Network\Request), Object(Cake\Network\Response))
#1 {main}


2016-10-07 10:10:59 Error: [Cake\Routing\Exception\MissingControllerException] Controller class Less could not be found.
Exception Attributes: array (
  'class' => 'Less',
  'plugin' => NULL,
  'prefix' => NULL,
  '_ext' => NULL,
)
Request URL: /goolive/less/uikit/fonts/luna.woff
Referer URL: http://localhost/goolive/css/theme.css
Stack Trace:
#0 /Library/WebServer/Documents/goolive/webroot/index.php(36): Cake\Routing\Dispatcher->dispatch(Object(Cake\Network\Request), Object(Cake\Network\Response))
#1 {main}


2016-10-07 10:10:59 Error: [Cake\Routing\Exception\MissingControllerException] Controller class Less could not be found.
Exception Attributes: array (
  'class' => 'Less',
  'plugin' => NULL,
  'prefix' => NULL,
  '_ext' => NULL,
)
Request URL: /goolive/less/uikit/fonts/luna.ttf
Referer URL: http://localhost/goolive/css/theme.css
Stack Trace:
#0 /Library/WebServer/Documents/goolive/webroot/index.php(36): Cake\Routing\Dispatcher->dispatch(Object(Cake\Network\Request), Object(Cake\Network\Response))
#1 {main}


2016-10-07 10:12:34 Error: [Cake\Routing\Exception\MissingControllerException] Controller class Less could not be found.
Exception Attributes: array (
  'class' => 'Less',
  'plugin' => NULL,
  'prefix' => NULL,
  '_ext' => NULL,
)
Request URL: /goolive/less/uikit/fonts/luna.woff
Referer URL: http://localhost/goolive/css/theme.css
Stack Trace:
#0 /Library/WebServer/Documents/goolive/webroot/index.php(36): Cake\Routing\Dispatcher->dispatch(Object(Cake\Network\Request), Object(Cake\Network\Response))
#1 {main}


2016-10-07 10:12:34 Error: [Cake\Routing\Exception\MissingControllerException] Controller class Less could not be found.
Exception Attributes: array (
  'class' => 'Less',
  'plugin' => NULL,
  'prefix' => NULL,
  '_ext' => NULL,
)
Request URL: /goolive/less/uikit/fonts/luna.ttf
Referer URL: http://localhost/goolive/css/theme.css
Stack Trace:
#0 /Library/WebServer/Documents/goolive/webroot/index.php(36): Cake\Routing\Dispatcher->dispatch(Object(Cake\Network\Request), Object(Cake\Network\Response))
#1 {main}


2016-10-07 10:13:51 Error: [Cake\Routing\Exception\MissingControllerException] Controller class Less could not be found.
Exception Attributes: array (
  'class' => 'Less',
  'plugin' => NULL,
  'prefix' => NULL,
  '_ext' => NULL,
)
Request URL: /goolive/less/uikit/fonts/luna.woff
Referer URL: http://localhost/goolive/css/theme.css
Stack Trace:
#0 /Library/WebServer/Documents/goolive/webroot/index.php(36): Cake\Routing\Dispatcher->dispatch(Object(Cake\Network\Request), Object(Cake\Network\Response))
#1 {main}


2016-10-07 10:13:51 Error: [Cake\Routing\Exception\MissingControllerException] Controller class Less could not be found.
Exception Attributes: array (
  'class' => 'Less',
  'plugin' => NULL,
  'prefix' => NULL,
  '_ext' => NULL,
)
Request URL: /goolive/less/uikit/fonts/luna.ttf
Referer URL: http://localhost/goolive/css/theme.css
Stack Trace:
#0 /Library/WebServer/Documents/goolive/webroot/index.php(36): Cake\Routing\Dispatcher->dispatch(Object(Cake\Network\Request), Object(Cake\Network\Response))
#1 {main}


2016-10-07 10:13:53 Error: [Cake\Routing\Exception\MissingControllerException] Controller class Less could not be found.
Exception Attributes: array (
  'class' => 'Less',
  'plugin' => NULL,
  'prefix' => NULL,
  '_ext' => NULL,
)
Request URL: /goolive/less/uikit/fonts/luna.woff
Referer URL: http://localhost/goolive/css/theme.css
Stack Trace:
#0 /Library/WebServer/Documents/goolive/webroot/index.php(36): Cake\Routing\Dispatcher->dispatch(Object(Cake\Network\Request), Object(Cake\Network\Response))
#1 {main}


2016-10-07 10:13:53 Error: [Cake\Routing\Exception\MissingControllerException] Controller class Less could not be found.
Exception Attributes: array (
  'class' => 'Less',
  'plugin' => NULL,
  'prefix' => NULL,
  '_ext' => NULL,
)
Request URL: /goolive/less/uikit/fonts/luna.ttf
Referer URL: http://localhost/goolive/css/theme.css
Stack Trace:
#0 /Library/WebServer/Documents/goolive/webroot/index.php(36): Cake\Routing\Dispatcher->dispatch(Object(Cake\Network\Request), Object(Cake\Network\Response))
#1 {main}


2016-10-07 10:14:42 Error: [Cake\Routing\Exception\MissingControllerException] Controller class Less could not be found.
Exception Attributes: array (
  'class' => 'Less',
  'plugin' => NULL,
  'prefix' => NULL,
  '_ext' => NULL,
)
Request URL: /goolive/less/uikit/fonts/luna.woff
Referer URL: http://localhost/goolive/css/theme.css
Stack Trace:
#0 /Library/WebServer/Documents/goolive/webroot/index.php(36): Cake\Routing\Dispatcher->dispatch(Object(Cake\Network\Request), Object(Cake\Network\Response))
#1 {main}


2016-10-07 10:14:42 Error: [Cake\Routing\Exception\MissingControllerException] Controller class Less could not be found.
Exception Attributes: array (
  'class' => 'Less',
  'plugin' => NULL,
  'prefix' => NULL,
  '_ext' => NULL,
)
Request URL: /goolive/less/uikit/fonts/luna.ttf
Referer URL: http://localhost/goolive/css/theme.css
Stack Trace:
#0 /Library/WebServer/Documents/goolive/webroot/index.php(36): Cake\Routing\Dispatcher->dispatch(Object(Cake\Network\Request), Object(Cake\Network\Response))
#1 {main}


2016-10-07 10:16:53 Error: [Cake\Routing\Exception\MissingControllerException] Controller class Less could not be found.
Exception Attributes: array (
  'class' => 'Less',
  'plugin' => NULL,
  'prefix' => NULL,
  '_ext' => NULL,
)
Request URL: /goolive/less/uikit/fonts/luna.woff
Referer URL: http://localhost/goolive/css/theme.css
Stack Trace:
#0 /Library/WebServer/Documents/goolive/webroot/index.php(36): Cake\Routing\Dispatcher->dispatch(Object(Cake\Network\Request), Object(Cake\Network\Response))
#1 {main}


2016-10-07 10:16:53 Error: [Cake\Routing\Exception\MissingControllerException] Controller class Less could not be found.
Exception Attributes: array (
  'class' => 'Less',
  'plugin' => NULL,
  'prefix' => NULL,
  '_ext' => NULL,
)
Request URL: /goolive/less/uikit/fonts/luna.ttf
Referer URL: http://localhost/goolive/css/theme.css
Stack Trace:
#0 /Library/WebServer/Documents/goolive/webroot/index.php(36): Cake\Routing\Dispatcher->dispatch(Object(Cake\Network\Request), Object(Cake\Network\Response))
#1 {main}


2016-10-07 10:16:55 Error: [Cake\Routing\Exception\MissingControllerException] Controller class Less could not be found.
Exception Attributes: array (
  'class' => 'Less',
  'plugin' => NULL,
  'prefix' => NULL,
  '_ext' => NULL,
)
Request URL: /goolive/less/uikit/fonts/luna.woff
Referer URL: http://localhost/goolive/css/theme.css
Stack Trace:
#0 /Library/WebServer/Documents/goolive/webroot/index.php(36): Cake\Routing\Dispatcher->dispatch(Object(Cake\Network\Request), Object(Cake\Network\Response))
#1 {main}


2016-10-07 10:16:55 Error: [Cake\Routing\Exception\MissingControllerException] Controller class Less could not be found.
Exception Attributes: array (
  'class' => 'Less',
  'plugin' => NULL,
  'prefix' => NULL,
  '_ext' => NULL,
)
Request URL: /goolive/less/uikit/fonts/luna.ttf
Referer URL: http://localhost/goolive/css/theme.css
Stack Trace:
#0 /Library/WebServer/Documents/goolive/webroot/index.php(36): Cake\Routing\Dispatcher->dispatch(Object(Cake\Network\Request), Object(Cake\Network\Response))
#1 {main}


2016-10-07 10:27:54 Error: [Cake\Routing\Exception\MissingControllerException] Controller class Less could not be found.
Exception Attributes: array (
  'class' => 'Less',
  'plugin' => NULL,
  'prefix' => NULL,
  '_ext' => NULL,
)
Request URL: /goolive/less/uikit/fonts/luna.woff
Referer URL: http://localhost/goolive/css/theme.css
Stack Trace:
#0 /Library/WebServer/Documents/goolive/webroot/index.php(36): Cake\Routing\Dispatcher->dispatch(Object(Cake\Network\Request), Object(Cake\Network\Response))
#1 {main}


2016-10-07 10:27:55 Error: [Cake\Routing\Exception\MissingControllerException] Controller class Less could not be found.
Exception Attributes: array (
  'class' => 'Less',
  'plugin' => NULL,
  'prefix' => NULL,
  '_ext' => NULL,
)
Request URL: /goolive/less/uikit/fonts/luna.ttf
Referer URL: http://localhost/goolive/css/theme.css
Stack Trace:
#0 /Library/WebServer/Documents/goolive/webroot/index.php(36): Cake\Routing\Dispatcher->dispatch(Object(Cake\Network\Request), Object(Cake\Network\Response))
#1 {main}


2016-10-07 10:30:15 Error: [Cake\Routing\Exception\MissingControllerException] Controller class Less could not be found.
Exception Attributes: array (
  'class' => 'Less',
  'plugin' => NULL,
  'prefix' => NULL,
  '_ext' => NULL,
)
Request URL: /goolive/less/uikit/fonts/luna.woff
Referer URL: http://localhost/goolive/css/theme.css
Stack Trace:
#0 /Library/WebServer/Documents/goolive/webroot/index.php(36): Cake\Routing\Dispatcher->dispatch(Object(Cake\Network\Request), Object(Cake\Network\Response))
#1 {main}


2016-10-07 10:30:15 Error: [Cake\Routing\Exception\MissingControllerException] Controller class Less could not be found.
Exception Attributes: array (
  'class' => 'Less',
  'plugin' => NULL,
  'prefix' => NULL,
  '_ext' => NULL,
)
Request URL: /goolive/less/uikit/fonts/luna.ttf
Referer URL: http://localhost/goolive/css/theme.css
Stack Trace:
#0 /Library/WebServer/Documents/goolive/webroot/index.php(36): Cake\Routing\Dispatcher->dispatch(Object(Cake\Network\Request), Object(Cake\Network\Response))
#1 {main}


2016-10-07 10:30:15 Error: [Cake\Routing\Exception\MissingControllerException] Controller class Warp could not be found.
Exception Attributes: array (
  'class' => 'Warp',
  'plugin' => NULL,
  'prefix' => NULL,
  '_ext' => NULL,
)
Request URL: /goolive/warp/vendor/uikit/fonts/fontawesome-webfont.woff2
Referer URL: http://localhost/goolive/css/theme.css
Stack Trace:
#0 /Library/WebServer/Documents/goolive/webroot/index.php(36): Cake\Routing\Dispatcher->dispatch(Object(Cake\Network\Request), Object(Cake\Network\Response))
#1 {main}


2016-10-07 10:30:15 Error: [Cake\Routing\Exception\MissingControllerException] Controller class Warp could not be found.
Exception Attributes: array (
  'class' => 'Warp',
  'plugin' => NULL,
  'prefix' => NULL,
  '_ext' => NULL,
)
Request URL: /goolive/warp/vendor/uikit/fonts/fontawesome-webfont.woff
Referer URL: http://localhost/goolive/css/theme.css
Stack Trace:
#0 /Library/WebServer/Documents/goolive/webroot/index.php(36): Cake\Routing\Dispatcher->dispatch(Object(Cake\Network\Request), Object(Cake\Network\Response))
#1 {main}


2016-10-07 10:30:15 Error: [Cake\Routing\Exception\MissingControllerException] Controller class Warp could not be found.
Exception Attributes: array (
  'class' => 'Warp',
  'plugin' => NULL,
  'prefix' => NULL,
  '_ext' => NULL,
)
Request URL: /goolive/warp/vendor/uikit/fonts/fontawesome-webfont.ttf
Referer URL: http://localhost/goolive/css/theme.css
Stack Trace:
#0 /Library/WebServer/Documents/goolive/webroot/index.php(36): Cake\Routing\Dispatcher->dispatch(Object(Cake\Network\Request), Object(Cake\Network\Response))
#1 {main}


2016-10-07 10:38:08 Error: [Cake\Routing\Exception\MissingControllerException] Controller class Less could not be found.
Exception Attributes: array (
  'class' => 'Less',
  'plugin' => NULL,
  'prefix' => NULL,
  '_ext' => NULL,
)
Request URL: /goolive/less/uikit/fonts/luna.woff
Referer URL: http://localhost/goolive/css/theme.css
Stack Trace:
#0 /Library/WebServer/Documents/goolive/webroot/index.php(36): Cake\Routing\Dispatcher->dispatch(Object(Cake\Network\Request), Object(Cake\Network\Response))
#1 {main}


2016-10-07 10:38:08 Error: [Cake\Routing\Exception\MissingControllerException] Controller class Less could not be found.
Exception Attributes: array (
  'class' => 'Less',
  'plugin' => NULL,
  'prefix' => NULL,
  '_ext' => NULL,
)
Request URL: /goolive/less/uikit/fonts/luna.ttf
Referer URL: http://localhost/goolive/css/theme.css
Stack Trace:
#0 /Library/WebServer/Documents/goolive/webroot/index.php(36): Cake\Routing\Dispatcher->dispatch(Object(Cake\Network\Request), Object(Cake\Network\Response))
#1 {main}


2016-10-07 10:38:08 Error: [Cake\Routing\Exception\MissingControllerException] Controller class Warp could not be found.
Exception Attributes: array (
  'class' => 'Warp',
  'plugin' => NULL,
  'prefix' => NULL,
  '_ext' => NULL,
)
Request URL: /goolive/warp/vendor/uikit/fonts/fontawesome-webfont.woff2
Referer URL: http://localhost/goolive/css/theme.css
Stack Trace:
#0 /Library/WebServer/Documents/goolive/webroot/index.php(36): Cake\Routing\Dispatcher->dispatch(Object(Cake\Network\Request), Object(Cake\Network\Response))
#1 {main}


2016-10-07 10:38:08 Error: [Cake\Routing\Exception\MissingControllerException] Controller class Warp could not be found.
Exception Attributes: array (
  'class' => 'Warp',
  'plugin' => NULL,
  'prefix' => NULL,
  '_ext' => NULL,
)
Request URL: /goolive/warp/vendor/uikit/fonts/fontawesome-webfont.woff
Referer URL: http://localhost/goolive/css/theme.css
Stack Trace:
#0 /Library/WebServer/Documents/goolive/webroot/index.php(36): Cake\Routing\Dispatcher->dispatch(Object(Cake\Network\Request), Object(Cake\Network\Response))
#1 {main}


2016-10-07 10:38:08 Error: [Cake\Routing\Exception\MissingControllerException] Controller class Warp could not be found.
Exception Attributes: array (
  'class' => 'Warp',
  'plugin' => NULL,
  'prefix' => NULL,
  '_ext' => NULL,
)
Request URL: /goolive/warp/vendor/uikit/fonts/fontawesome-webfont.ttf
Referer URL: http://localhost/goolive/css/theme.css
Stack Trace:
#0 /Library/WebServer/Documents/goolive/webroot/index.php(36): Cake\Routing\Dispatcher->dispatch(Object(Cake\Network\Request), Object(Cake\Network\Response))
#1 {main}


2016-10-07 10:38:17 Error: [Cake\Routing\Exception\MissingControllerException] Controller class Less could not be found.
Exception Attributes: array (
  'class' => 'Less',
  'plugin' => NULL,
  'prefix' => NULL,
  '_ext' => NULL,
)
Request URL: /goolive/less/uikit/fonts/luna.woff
Referer URL: http://localhost/goolive/css/theme.css
Stack Trace:
#0 /Library/WebServer/Documents/goolive/webroot/index.php(36): Cake\Routing\Dispatcher->dispatch(Object(Cake\Network\Request), Object(Cake\Network\Response))
#1 {main}


2016-10-07 10:38:17 Error: [Cake\Routing\Exception\MissingControllerException] Controller class Less could not be found.
Exception Attributes: array (
  'class' => 'Less',
  'plugin' => NULL,
  'prefix' => NULL,
  '_ext' => NULL,
)
Request URL: /goolive/less/uikit/fonts/luna.ttf
Referer URL: http://localhost/goolive/css/theme.css
Stack Trace:
#0 /Library/WebServer/Documents/goolive/webroot/index.php(36): Cake\Routing\Dispatcher->dispatch(Object(Cake\Network\Request), Object(Cake\Network\Response))
#1 {main}


2016-10-07 10:38:17 Error: [Cake\Routing\Exception\MissingControllerException] Controller class Warp could not be found.
Exception Attributes: array (
  'class' => 'Warp',
  'plugin' => NULL,
  'prefix' => NULL,
  '_ext' => NULL,
)
Request URL: /goolive/warp/vendor/uikit/fonts/fontawesome-webfont.woff2
Referer URL: http://localhost/goolive/css/theme.css
Stack Trace:
#0 /Library/WebServer/Documents/goolive/webroot/index.php(36): Cake\Routing\Dispatcher->dispatch(Object(Cake\Network\Request), Object(Cake\Network\Response))
#1 {main}


2016-10-07 10:38:18 Error: [Cake\Routing\Exception\MissingControllerException] Controller class Warp could not be found.
Exception Attributes: array (
  'class' => 'Warp',
  'plugin' => NULL,
  'prefix' => NULL,
  '_ext' => NULL,
)
Request URL: /goolive/warp/vendor/uikit/fonts/fontawesome-webfont.woff
Referer URL: http://localhost/goolive/css/theme.css
Stack Trace:
#0 /Library/WebServer/Documents/goolive/webroot/index.php(36): Cake\Routing\Dispatcher->dispatch(Object(Cake\Network\Request), Object(Cake\Network\Response))
#1 {main}


2016-10-07 10:38:18 Error: [Cake\Routing\Exception\MissingControllerException] Controller class Warp could not be found.
Exception Attributes: array (
  'class' => 'Warp',
  'plugin' => NULL,
  'prefix' => NULL,
  '_ext' => NULL,
)
Request URL: /goolive/warp/vendor/uikit/fonts/fontawesome-webfont.ttf
Referer URL: http://localhost/goolive/css/theme.css
Stack Trace:
#0 /Library/WebServer/Documents/goolive/webroot/index.php(36): Cake\Routing\Dispatcher->dispatch(Object(Cake\Network\Request), Object(Cake\Network\Response))
#1 {main}


2016-10-07 10:38:36 Error: [Cake\Routing\Exception\MissingControllerException] Controller class Less could not be found.
Exception Attributes: array (
  'class' => 'Less',
  'plugin' => NULL,
  'prefix' => NULL,
  '_ext' => NULL,
)
Request URL: /goolive/less/uikit/fonts/luna.woff
Referer URL: http://localhost/goolive/css/theme.css
Stack Trace:
#0 /Library/WebServer/Documents/goolive/webroot/index.php(36): Cake\Routing\Dispatcher->dispatch(Object(Cake\Network\Request), Object(Cake\Network\Response))
#1 {main}


2016-10-07 10:38:36 Error: [Cake\Routing\Exception\MissingControllerException] Controller class Less could not be found.
Exception Attributes: array (
  'class' => 'Less',
  'plugin' => NULL,
  'prefix' => NULL,
  '_ext' => NULL,
)
Request URL: /goolive/less/uikit/fonts/luna.ttf
Referer URL: http://localhost/goolive/css/theme.css
Stack Trace:
#0 /Library/WebServer/Documents/goolive/webroot/index.php(36): Cake\Routing\Dispatcher->dispatch(Object(Cake\Network\Request), Object(Cake\Network\Response))
#1 {main}


2016-10-07 10:38:36 Error: [Cake\Routing\Exception\MissingControllerException] Controller class Warp could not be found.
Exception Attributes: array (
  'class' => 'Warp',
  'plugin' => NULL,
  'prefix' => NULL,
  '_ext' => NULL,
)
Request URL: /goolive/warp/vendor/uikit/fonts/fontawesome-webfont.woff2
Referer URL: http://localhost/goolive/css/theme.css
Stack Trace:
#0 /Library/WebServer/Documents/goolive/webroot/index.php(36): Cake\Routing\Dispatcher->dispatch(Object(Cake\Network\Request), Object(Cake\Network\Response))
#1 {main}


2016-10-07 10:38:36 Error: [Cake\Routing\Exception\MissingControllerException] Controller class Warp could not be found.
Exception Attributes: array (
  'class' => 'Warp',
  'plugin' => NULL,
  'prefix' => NULL,
  '_ext' => NULL,
)
Request URL: /goolive/warp/vendor/uikit/fonts/fontawesome-webfont.woff
Referer URL: http://localhost/goolive/css/theme.css
Stack Trace:
#0 /Library/WebServer/Documents/goolive/webroot/index.php(36): Cake\Routing\Dispatcher->dispatch(Object(Cake\Network\Request), Object(Cake\Network\Response))
#1 {main}


2016-10-07 10:38:36 Error: [Cake\Routing\Exception\MissingControllerException] Controller class Warp could not be found.
Exception Attributes: array (
  'class' => 'Warp',
  'plugin' => NULL,
  'prefix' => NULL,
  '_ext' => NULL,
)
Request URL: /goolive/warp/vendor/uikit/fonts/fontawesome-webfont.ttf
Referer URL: http://localhost/goolive/css/theme.css
Stack Trace:
#0 /Library/WebServer/Documents/goolive/webroot/index.php(36): Cake\Routing\Dispatcher->dispatch(Object(Cake\Network\Request), Object(Cake\Network\Response))
#1 {main}


